# JRE version: OpenJDK Runtime Environment (11.0.5+10) (build 11.0.5+10-LTS)
# Java VM: OpenJDK 64-Bit Server VM (11.0.5+10-LTS, mixed mode, tiered, compressed oops, g1 gc, windows-amd64)
Heap:
 garbage-first heap   total 253952K, used 123456K [0x0000000709a00000, 0x0000000800000000)
  region size 1024K, 117 young (119808K), 6 survivors (6144K)
 Metaspace       used 34739K, capacity 35756K, committed 35840K, reserved 1081344K
  class space    used 4288K, capacity 4708K, committed 4736K, reserved 1048576K
GC Heap History (7 events):
Event: 0.389 GC heap before
{Heap before GC invocations=0 (full 0):
 garbage-first heap   total 253952K, used 24576K [0x0000000709a00000, 0x0000000800000000)
  region size 1024K, 24 young (24576K), 0 survivors (0K)
 Metaspace       used 11330K, capacity 11612K, committed 11776K, reserved 1060864K
  class space    used 1092K, capacity 1184K, committed 1280K, reserved 1048576K
}
Event: 0.392 GC heap after
{Heap after GC invocations=1 (full 0):
 garbage-first heap   total 253952K, used 7938K [0x0000000709a00000, 0x0000000800000000)
  region size 1024K, 3 young (3072K), 3 survivors (3072K)
 Metaspace       used 11330K, capacity 11612K, committed 11776K, reserved 1060864K
  class space    used 1092K, capacity 1184K, committed 1280K, reserved 1048576K
}
Event: 0.662 GC heap before
{Heap before GC invocations=1 (full 0):
 garbage-first heap   total 253952K, used 37634K [0x0000000709a00000, 0x0000000800000000)
  region size 1024K, 32 young (32768K), 3 survivors (3072K)
 Metaspace       used 15702K, capacity 16204K, committed 16512K, reserved 1064960K
  class space    used 1642K, capacity 1850K, committed 1920K, reserved 1048576K
}
Event: 0.665 GC heap after
{Heap after GC invocations=2 (full 0):
 garbage-first heap   total 253952K, used 9109K [0x0000000709a00000, 0x0000000800000000)
  region size 1024K, 2 young (2048K), 2 survivors (2048K)
 Metaspace       used 15702K, capacity 16204K, committed 16512K, reserved 1064960K
  class space    used 1642K, capacity 1850K, committed 1920K, reserved 1048576K
}
Event: 0.973 GC heap before
{Heap before GC invocations=2 (full 0):
 garbage-first heap   total 253952K, used 45973K [0x0000000709a00000, 0x0000000800000000)
  region size 1024K, 39 young (39936K), 2 survivors (2048K)
 Metaspace       used 20548K, capacity 21172K, committed 21248K, reserved 1069056K
  class space    used 2266K, capacity 2531K, committed 2560K, reserved 1048576K
}
Event: 0.976 GC heap after
{Heap after GC invocations=3 (full 0):
 garbage-first heap   total 253952K, used 10297K [0x0000000709a00000, 0x0000000800000000)
  region size 1024K, 3 young (3072K), 3 survivors (3072K)
 Metaspace       used 20548K, capacity 21172K, committed 21248K, reserved 1069056K
  class space    used 2266K, capacity 2531K, committed 2560K, reserved 1048576K
}
Event: 1.901 GC heap before
{Heap before GC invocations=4 (full 0):
 garbage-first heap   total 253952K, used 122937K [0x0000000709a00000, 0x0000000800000000)
  region size 1024K, 114 young (116736K), 3 survivors (3072K)
 Metaspace       used 34739K, capacity 35756K, committed 35840K, reserved 1081344K
  class space    used 4288K, capacity 4708K, committed 4736K, reserved 1048576K
}

